2019-08-06 23:47:24,638  INFO [main] WebEventListener:27 - Application Launched Successfully
2019-08-06 23:47:24,736  INFO [main] LoginPage:37 - Login Page Title Verified
2019-08-06 23:47:25,399  INFO [main] LoginPage:59 - Browser Terminated
2019-08-06 23:47:25,400  INFO [main] LoginPage:60 - ------------------------------
2019-08-06 23:47:36,634  INFO [main] WebEventListener:34 - Application Launched Successfully
2019-08-06 23:47:41,765  INFO [main] HomePage:52 - Home Page Title Verified
2019-08-06 23:47:42,381  INFO [main] HomePage:83 - Browser Terminated
2019-08-06 23:47:42,383  INFO [main] HomePage:84 - ------------------------------
2019-08-06 23:47:53,783  INFO [main] WebEventListener:27 - Application Launched Successfully
2019-08-06 23:47:53,873  INFO [main] LoginPage:45 - CRM Logo Verified
2019-08-06 23:47:54,502  INFO [main] LoginPage:59 - Browser Terminated
2019-08-06 23:47:54,503  INFO [main] LoginPage:60 - ------------------------------
2019-08-06 23:48:05,655  INFO [main] WebEventListener:34 - Application Launched Successfully
2019-08-06 23:48:15,261  INFO [main] HomePage:60 - UserName Verified
2019-08-06 23:48:15,873  INFO [main] HomePage:83 - Browser Terminated
2019-08-06 23:48:15,874  INFO [main] HomePage:84 - ------------------------------
2019-08-06 23:48:26,985  INFO [main] WebEventListener:27 - Application Launched Successfully
2019-08-06 23:48:31,847  INFO [main] HomePage:52 - Successfully Logged into CRM Application
2019-08-06 23:48:32,455  INFO [main] HomePage:59 - Browser Terminated
2019-08-06 23:48:32,456  INFO [main] HomePage:60 - ------------------------------
2019-08-06 23:48:43,166  INFO [main] WebEventListener:34 - Application Launched Successfully
2019-08-06 23:48:52,086  INFO [main] ContactsPage:68 - Switched into Frame and Clicked on Contacts Link
2019-08-06 23:48:52,703  INFO [main] ContactsPage:83 - Browser Terminated
2019-08-06 23:48:52,704  INFO [main] ContactsPage:84 - ------------------------------
2019-08-06 23:49:02,885  INFO [main] WebEventListener:34 - Application Launched Successfully
2019-08-06 23:49:10,202  INFO [main] DealsPage:76 - Switched into Frame and Clicked on Deals Link
2019-08-06 23:49:10,819  INFO [main] DealsPage:83 - Browser Terminated
2019-08-06 23:49:10,820  INFO [main] DealsPage:84 - ------------------------------
2019-08-06 23:49:11,229 DEBUG [main] cache:45 - Couldn't find template in cache for "Extent.ftl"("en_IN", UTF-8, parsed); will try to load it.
2019-08-06 23:49:11,231 DEBUG [main] cache:45 - TemplateLoader.findTemplateSource("Extent_en_IN.ftl"): Not found
2019-08-06 23:49:11,233 DEBUG [main] cache:45 - TemplateLoader.findTemplateSource("Extent_en.ftl"): Not found
2019-08-06 23:49:11,235 DEBUG [main] cache:45 - TemplateLoader.findTemplateSource("Extent.ftl"): Found
2019-08-06 23:49:11,235 DEBUG [main] cache:45 - Loading template for "Extent.ftl"("en_IN", UTF-8, parsed) from "jar:file:/C:/Users/Admin/.m2/repository/com/relevantcodes/extentreports/2.41.2/extentreports-2.41.2.jar!/com/relevantcodes/extentreports/view/Extent.ftl"
2019-08-06 23:49:11,828 DEBUG [main] cache:45 - Couldn't find template in cache for "Extent.ftl"("en_IN", UTF-8, parsed); will try to load it.
2019-08-06 23:49:11,828 DEBUG [main] cache:45 - TemplateLoader.findTemplateSource("Extent_en_IN.ftl"): Not found
2019-08-06 23:49:11,829 DEBUG [main] cache:45 - TemplateLoader.findTemplateSource("Extent_en.ftl"): Not found
2019-08-06 23:49:11,830 DEBUG [main] cache:45 - TemplateLoader.findTemplateSource("Extent.ftl"): Found
2019-08-06 23:49:11,830 DEBUG [main] cache:45 - Loading template for "Extent.ftl"("en_IN", UTF-8, parsed) from "jar:file:/C:/Users/Admin/.m2/repository/com/relevantcodes/extentreports/2.41.2/extentreports-2.41.2.jar!/com/relevantcodes/extentreports/view/Extent.ftl"
