2019-03-04 12:03:45,696  INFO [main] LoginPageTest:39 - Browser Launched Successfully
2019-03-04 12:04:00,326  INFO [main] LoginPageTest:53 - Verified Contacts Page Label
2019-03-04 12:04:01,135  INFO [main] LoginPageTest:94 - Browser Terminated
2019-03-04 12:04:10,675  INFO [main] LoginPageTest:36 - Browser Launched Successfully
2019-03-04 12:04:20,161  INFO [main] LoginPageTest:54 - Home Page Title Verified
2019-03-04 12:04:20,797  INFO [main] LoginPageTest:85 - Browser Terminated
2019-03-04 12:04:31,438  INFO [main] LoginPageTest:29 - Browser Launched Successfully
2019-03-04 12:04:31,450  INFO [main] LoginPageTest:39 - Login Page Title Verified
2019-03-04 12:04:32,073  INFO [main] LoginPageTest:61 - Browser Terminated
2019-03-04 12:04:44,220  INFO [main] LoginPageTest:39 - Browser Launched Successfully
2019-03-04 12:04:58,028  INFO [main] LoginPageTest:61 - Verified Single Contacts
2019-03-04 12:04:58,671  INFO [main] LoginPageTest:94 - Browser Terminated
2019-03-04 12:05:09,646  INFO [main] LoginPageTest:36 - Browser Launched Successfully
2019-03-04 12:05:21,139  INFO [main] LoginPageTest:62 - UserName Verified
2019-03-04 12:05:21,904  INFO [main] LoginPageTest:85 - Browser Terminated
2019-03-04 12:05:31,948  INFO [main] LoginPageTest:29 - Browser Launched Successfully
2019-03-04 12:05:32,020  INFO [main] LoginPageTest:47 - CRM Log Verified
2019-03-04 12:05:32,733  INFO [main] LoginPageTest:61 - Browser Terminated
2019-03-04 12:05:42,651  INFO [main] LoginPageTest:39 - Browser Launched Successfully
2019-03-04 12:05:57,831  INFO [main] LoginPageTest:69 - Verified Multiple Contacts
2019-03-04 12:05:58,778  INFO [main] LoginPageTest:94 - Browser Terminated
2019-03-04 12:06:11,137  INFO [main] LoginPageTest:36 - Browser Launched Successfully
2019-03-04 12:06:25,957  INFO [main] LoginPageTest:70 - Switched into Frame and Clicked on Contacts Link
2019-03-04 12:06:26,616  INFO [main] LoginPageTest:85 - Browser Terminated
2019-03-04 12:06:36,382  INFO [main] LoginPageTest:29 - Browser Launched Successfully
2019-03-04 12:06:48,009  INFO [main] LoginPageTest:54 - Successfully Logged into CRM Application
2019-03-04 12:06:48,885  INFO [main] LoginPageTest:61 - Browser Terminated
2019-03-04 12:07:00,975  INFO [main] LoginPageTest:39 - Browser Launched Successfully
2019-03-04 12:07:31,285  INFO [main] LoginPageTest:87 - New Contacts Created Successfully
2019-03-04 12:07:32,040  INFO [main] LoginPageTest:94 - Browser Terminated
2019-03-04 12:07:41,268  INFO [main] LoginPageTest:39 - Browser Launched Successfully
2019-03-04 12:08:08,385  INFO [main] LoginPageTest:87 - New Contacts Created Successfully
2019-03-04 12:08:09,112  INFO [main] LoginPageTest:94 - Browser Terminated
2019-03-04 12:08:20,570  INFO [main] LoginPageTest:39 - Browser Launched Successfully
2019-03-04 12:08:48,031  INFO [main] LoginPageTest:87 - New Contacts Created Successfully
2019-03-04 12:08:48,758  INFO [main] LoginPageTest:94 - Browser Terminated
2019-03-04 12:08:58,446  INFO [main] LoginPageTest:36 - Browser Launched Successfully
2019-03-04 12:09:15,191  INFO [main] LoginPageTest:78 - Switched into Frame and Clicked on Deals Link
2019-03-04 12:09:15,816  INFO [main] LoginPageTest:85 - Browser Terminated
