2020-06-27 17:55:35,463  INFO [main] WebEventListener:30 - Application Launched Successfully
2020-06-27 17:55:35,590  INFO [main] LoginPage:41 - Login Page Title Verified
2020-06-27 17:55:36,306  INFO [main] LoginPage:138 - Browser Terminated
2020-06-27 17:55:36,307  INFO [main] LoginPage:139 - -----------------------------------------------
2020-06-27 17:55:50,496  INFO [main] WebEventListener:36 - Application Launched Successfully
2020-06-27 17:55:58,734  INFO [main] HomePage:138 - Browser Terminated
2020-06-27 17:55:58,736  INFO [main] HomePage:139 - -----------------------------------------------
2020-06-27 17:56:13,611  INFO [main] WebEventListener:36 - Application Launched Successfully
2020-06-27 17:56:22,019  INFO [main] HomePage:138 - Browser Terminated
2020-06-27 17:56:22,021  INFO [main] HomePage:139 - -----------------------------------------------
2020-06-27 17:56:37,031  INFO [main] WebEventListener:36 - Application Launched Successfully
2020-06-27 17:56:45,591  INFO [main] HomePage:138 - Browser Terminated
2020-06-27 17:56:45,592  INFO [main] HomePage:139 - -----------------------------------------------
2020-06-27 17:57:00,524  INFO [main] WebEventListener:30 - Application Launched Successfully
2020-06-27 17:57:00,603  INFO [main] LoginPage:50 - CRM Logo Verified
2020-06-27 17:57:01,213  INFO [main] LoginPage:138 - Browser Terminated
2020-06-27 17:57:01,215  INFO [main] LoginPage:139 - -----------------------------------------------
2020-06-27 17:57:19,320  INFO [main] WebEventListener:36 - Application Launched Successfully
2020-06-27 17:57:29,445  INFO [main] HomePage:60 - UserName Verified
2020-06-27 17:57:30,052  INFO [main] HomePage:138 - Browser Terminated
2020-06-27 17:57:30,054  INFO [main] HomePage:139 - -----------------------------------------------
2020-06-27 17:57:46,734  INFO [main] WebEventListener:30 - Application Launched Successfully
2020-06-27 17:57:55,406  INFO [main] HomePage:58 - Successfully Logged into CRM Application
2020-06-27 17:57:56,018  INFO [main] HomePage:138 - Browser Terminated
2020-06-27 17:57:56,019  INFO [main] HomePage:139 - -----------------------------------------------
2020-06-27 17:58:10,084  INFO [main] WebEventListener:36 - Application Launched Successfully
2020-06-27 17:58:18,262  INFO [main] ContactsPage:69 - Switched into Frame and Clicked on Contacts Link
2020-06-27 17:58:18,857  INFO [main] ContactsPage:138 - Browser Terminated
2020-06-27 17:58:18,858  INFO [main] ContactsPage:139 - -----------------------------------------------
2020-06-27 17:58:32,687  INFO [main] WebEventListener:36 - Application Launched Successfully
2020-06-27 17:58:42,149  INFO [main] DealsPage:78 - Switched into Frame and Clicked on Deals Link
2020-06-27 17:58:42,761  INFO [main] DealsPage:138 - Browser Terminated
2020-06-27 17:58:42,762  INFO [main] DealsPage:139 - -----------------------------------------------
2020-06-27 17:58:42,808 DEBUG [main] cache:45 - Couldn't find template in cache for "Extent.ftl"("en_IN", UTF-8, parsed); will try to load it.
2020-06-27 17:58:42,810 DEBUG [main] cache:45 - TemplateLoader.findTemplateSource("Extent_en_IN.ftl"): Not found
2020-06-27 17:58:42,812 DEBUG [main] cache:45 - TemplateLoader.findTemplateSource("Extent_en.ftl"): Not found
2020-06-27 17:58:42,814 DEBUG [main] cache:45 - TemplateLoader.findTemplateSource("Extent.ftl"): Found
2020-06-27 17:58:42,815 DEBUG [main] cache:45 - Loading template for "Extent.ftl"("en_IN", UTF-8, parsed) from "jar:file:/C:/Users/Admin/.m2/repository/com/relevantcodes/extentreports/2.41.2/extentreports-2.41.2.jar!/com/relevantcodes/extentreports/view/Extent.ftl"
2020-06-27 17:58:43,217 DEBUG [main] cache:45 - Couldn't find template in cache for "Extent.ftl"("en_IN", UTF-8, parsed); will try to load it.
2020-06-27 17:58:43,218 DEBUG [main] cache:45 - TemplateLoader.findTemplateSource("Extent_en_IN.ftl"): Not found
2020-06-27 17:58:43,219 DEBUG [main] cache:45 - TemplateLoader.findTemplateSource("Extent_en.ftl"): Not found
2020-06-27 17:58:43,220 DEBUG [main] cache:45 - TemplateLoader.findTemplateSource("Extent.ftl"): Found
2020-06-27 17:58:43,222 DEBUG [main] cache:45 - Loading template for "Extent.ftl"("en_IN", UTF-8, parsed) from "jar:file:/C:/Users/Admin/.m2/repository/com/relevantcodes/extentreports/2.41.2/extentreports-2.41.2.jar!/com/relevantcodes/extentreports/view/Extent.ftl"
