2020-06-27 21:46:17,346  INFO [main] WebEventListener:30 - Application Launched Successfully
2020-06-27 21:46:17,432  INFO [main] LoginPage:41 - Login Page Title Verified
2020-06-27 21:46:18,050  INFO [main] LoginPage:138 - Browser Terminated
2020-06-27 21:46:18,051  INFO [main] LoginPage:139 - -----------------------------------------------
2020-06-27 21:46:40,466  INFO [main] WebEventListener:30 - Application Launched Successfully
2020-06-27 21:46:40,549  INFO [main] LoginPage:50 - CRM Logo Verified
2020-06-27 21:46:41,167  INFO [main] LoginPage:138 - Browser Terminated
2020-06-27 21:46:41,170  INFO [main] LoginPage:139 - -----------------------------------------------
2020-06-27 21:47:04,474  INFO [main] WebEventListener:30 - Application Launched Successfully
2020-06-27 21:47:21,488  INFO [main] HomePage:58 - Successfully Logged into CRM Application
2020-06-27 21:47:22,105  INFO [main] HomePage:138 - Browser Terminated
2020-06-27 21:47:22,106  INFO [main] HomePage:139 - -----------------------------------------------
2020-06-27 21:47:22,157 DEBUG [main] cache:45 - Couldn't find template in cache for "Extent.ftl"("en_IN", UTF-8, parsed); will try to load it.
2020-06-27 21:47:22,159 DEBUG [main] cache:45 - TemplateLoader.findTemplateSource("Extent_en_IN.ftl"): Not found
2020-06-27 21:47:22,164 DEBUG [main] cache:45 - TemplateLoader.findTemplateSource("Extent_en.ftl"): Not found
2020-06-27 21:47:22,166 DEBUG [main] cache:45 - TemplateLoader.findTemplateSource("Extent.ftl"): Found
2020-06-27 21:47:22,167 DEBUG [main] cache:45 - Loading template for "Extent.ftl"("en_IN", UTF-8, parsed) from "jar:file:/C:/Users/Admin/.m2/repository/com/relevantcodes/extentreports/2.41.2/extentreports-2.41.2.jar!/com/relevantcodes/extentreports/view/Extent.ftl"
2020-06-27 21:47:22,464 DEBUG [main] cache:45 - Couldn't find template in cache for "Extent.ftl"("en_IN", UTF-8, parsed); will try to load it.
2020-06-27 21:47:22,465 DEBUG [main] cache:45 - TemplateLoader.findTemplateSource("Extent_en_IN.ftl"): Not found
2020-06-27 21:47:22,465 DEBUG [main] cache:45 - TemplateLoader.findTemplateSource("Extent_en.ftl"): Not found
2020-06-27 21:47:22,466 DEBUG [main] cache:45 - TemplateLoader.findTemplateSource("Extent.ftl"): Found
2020-06-27 21:47:22,467 DEBUG [main] cache:45 - Loading template for "Extent.ftl"("en_IN", UTF-8, parsed) from "jar:file:/C:/Users/Admin/.m2/repository/com/relevantcodes/extentreports/2.41.2/extentreports-2.41.2.jar!/com/relevantcodes/extentreports/view/Extent.ftl"
