2019-08-14 23:03:18,010  INFO [main] WebEventListener:30 - Application Launched Successfully
2019-08-14 23:03:19,165  INFO [main] LoginPage:127 - Browser Terminated
2019-08-14 23:03:19,165  INFO [main] LoginPage:128 - -----------------------------------------------
2019-08-14 23:03:29,960  INFO [main] WebEventListener:30 - Application Launched Successfully
2019-08-14 23:03:30,043  INFO [main] LoginPage:50 - CRM Logo Verified
2019-08-14 23:03:30,689  INFO [main] LoginPage:127 - Browser Terminated
2019-08-14 23:03:30,689  INFO [main] LoginPage:128 - -----------------------------------------------
2019-08-14 23:03:40,523  INFO [main] WebEventListener:30 - Application Launched Successfully
2019-08-14 23:03:45,786  INFO [main] HomePage:58 - Successfully Logged into CRM Application
2019-08-14 23:03:46,419  INFO [main] HomePage:127 - Browser Terminated
2019-08-14 23:03:46,419  INFO [main] HomePage:128 - -----------------------------------------------
2019-08-14 23:03:56,886  INFO [main] WebEventListener:35 - Application Launched Successfully
2019-08-14 23:04:04,159  INFO [main] HomePage:127 - Browser Terminated
2019-08-14 23:04:04,159  INFO [main] HomePage:128 - -----------------------------------------------
2019-08-14 23:04:14,187  INFO [main] WebEventListener:35 - Application Launched Successfully
2019-08-14 23:04:18,939  INFO [main] HomePage:63 - UserName Verified
2019-08-14 23:04:19,560  INFO [main] HomePage:127 - Browser Terminated
2019-08-14 23:04:19,560  INFO [main] HomePage:128 - -----------------------------------------------
2019-08-14 23:04:29,269  INFO [main] WebEventListener:35 - Application Launched Successfully
2019-08-14 23:04:37,569  INFO [main] ContactsPage:72 - Switched into Frame and Clicked on Contacts Link
2019-08-14 23:04:38,320  INFO [main] ContactsPage:127 - Browser Terminated
2019-08-14 23:04:38,320  INFO [main] ContactsPage:128 - -----------------------------------------------
2019-08-14 23:04:47,682  INFO [main] WebEventListener:35 - Application Launched Successfully
2019-08-14 23:04:56,575  INFO [main] DealsPage:81 - Switched into Frame and Clicked on Deals Link
2019-08-14 23:04:57,294  INFO [main] DealsPage:127 - Browser Terminated
2019-08-14 23:04:57,294  INFO [main] DealsPage:128 - -----------------------------------------------
2019-08-14 23:05:07,335  INFO [main] TestUtility:39 - Application Launched Successfully
2019-08-14 23:05:14,299  INFO [main] ContactsPage:54 - Verified Contacts Page Label
2019-08-14 23:05:14,930  INFO [main] ContactsPage:127 - Browser Terminated
2019-08-14 23:05:14,930  INFO [main] ContactsPage:128 - -----------------------------------------------
2019-08-14 23:05:24,684  INFO [main] TestUtility:39 - Application Launched Successfully
2019-08-14 23:06:01,715  INFO [main] ContactsPage:127 - Browser Terminated
2019-08-14 23:06:01,715  INFO [main] ContactsPage:128 - -----------------------------------------------
2019-08-14 23:06:13,101  INFO [main] TestUtility:39 - Application Launched Successfully
2019-08-14 23:06:51,566  INFO [main] ContactsPage:127 - Browser Terminated
2019-08-14 23:06:51,566  INFO [main] ContactsPage:128 - -----------------------------------------------
2019-08-14 23:07:03,957  INFO [main] TestUtility:39 - Application Launched Successfully
2019-08-14 23:07:16,419  INFO [main] ContactsPage:88 - New Contacts Created Successfully
2019-08-14 23:07:17,060  INFO [main] ContactsPage:127 - Browser Terminated
2019-08-14 23:07:17,060  INFO [main] ContactsPage:128 - -----------------------------------------------
2019-08-14 23:07:26,989  INFO [main] TestUtility:39 - Application Launched Successfully
2019-08-14 23:07:39,128  INFO [main] ContactsPage:88 - New Contacts Created Successfully
2019-08-14 23:07:39,784  INFO [main] ContactsPage:127 - Browser Terminated
2019-08-14 23:07:39,784  INFO [main] ContactsPage:128 - -----------------------------------------------
2019-08-14 23:07:50,150  INFO [main] TestUtility:39 - Application Launched Successfully
2019-08-14 23:08:02,075  INFO [main] ContactsPage:88 - New Contacts Created Successfully
2019-08-14 23:08:02,715  INFO [main] ContactsPage:127 - Browser Terminated
2019-08-14 23:08:02,715  INFO [main] ContactsPage:128 - -----------------------------------------------
2019-08-14 23:08:02,762 DEBUG [main] cache:45 - Couldn't find template in cache for "Extent.ftl"("en_IN", UTF-8, parsed); will try to load it.
2019-08-14 23:08:02,762 DEBUG [main] cache:45 - TemplateLoader.findTemplateSource("Extent_en_IN.ftl"): Not found
2019-08-14 23:08:02,762 DEBUG [main] cache:45 - TemplateLoader.findTemplateSource("Extent_en.ftl"): Not found
2019-08-14 23:08:02,762 DEBUG [main] cache:45 - TemplateLoader.findTemplateSource("Extent.ftl"): Found
2019-08-14 23:08:02,762 DEBUG [main] cache:45 - Loading template for "Extent.ftl"("en_IN", UTF-8, parsed) from "jar:file:/C:/Users/Admin/.m2/repository/com/relevantcodes/extentreports/2.41.2/extentreports-2.41.2.jar!/com/relevantcodes/extentreports/view/Extent.ftl"
2019-08-14 23:08:03,121 DEBUG [main] cache:45 - Couldn't find template in cache for "Extent.ftl"("en_IN", UTF-8, parsed); will try to load it.
2019-08-14 23:08:03,121 DEBUG [main] cache:45 - TemplateLoader.findTemplateSource("Extent_en_IN.ftl"): Not found
2019-08-14 23:08:03,121 DEBUG [main] cache:45 - TemplateLoader.findTemplateSource("Extent_en.ftl"): Not found
2019-08-14 23:08:03,121 DEBUG [main] cache:45 - TemplateLoader.findTemplateSource("Extent.ftl"): Found
2019-08-14 23:08:03,121 DEBUG [main] cache:45 - Loading template for "Extent.ftl"("en_IN", UTF-8, parsed) from "jar:file:/C:/Users/Admin/.m2/repository/com/relevantcodes/extentreports/2.41.2/extentreports-2.41.2.jar!/com/relevantcodes/extentreports/view/Extent.ftl"
