2020-06-28 16:55:20,464  INFO [main] WebEventListener:30 - Application Launched Successfully
2020-06-28 16:55:20,589  INFO [main] LoginPage:41 - Login Page Title Verified
2020-06-28 16:55:21,736  INFO [main] LoginPage:138 - Browser Terminated
2020-06-28 16:55:21,737  INFO [main] LoginPage:139 - -----------------------------------------------
2020-06-28 16:55:39,166  INFO [main] WebEventListener:30 - Application Launched Successfully
2020-06-28 16:55:39,283  INFO [main] LoginPage:50 - CRM Logo Verified
2020-06-28 16:55:39,893  INFO [main] LoginPage:138 - Browser Terminated
2020-06-28 16:55:39,898  INFO [main] LoginPage:139 - -----------------------------------------------
2020-06-28 16:55:56,262  INFO [main] WebEventListener:30 - Application Launched Successfully
2020-06-28 16:56:02,860  INFO [main] HomePage:58 - Successfully Logged into CRM Application
2020-06-28 16:56:03,492  INFO [main] HomePage:138 - Browser Terminated
2020-06-28 16:56:03,493  INFO [main] HomePage:139 - -----------------------------------------------
2020-06-28 16:56:03,575 DEBUG [main] cache:45 - Couldn't find template in cache for "Extent.ftl"("en_IN", UTF-8, parsed); will try to load it.
2020-06-28 16:56:03,577 DEBUG [main] cache:45 - TemplateLoader.findTemplateSource("Extent_en_IN.ftl"): Not found
2020-06-28 16:56:03,578 DEBUG [main] cache:45 - TemplateLoader.findTemplateSource("Extent_en.ftl"): Not found
2020-06-28 16:56:03,580 DEBUG [main] cache:45 - TemplateLoader.findTemplateSource("Extent.ftl"): Found
2020-06-28 16:56:03,581 DEBUG [main] cache:45 - Loading template for "Extent.ftl"("en_IN", UTF-8, parsed) from "jar:file:/C:/Users/Admin/.m2/repository/com/relevantcodes/extentreports/2.41.2/extentreports-2.41.2.jar!/com/relevantcodes/extentreports/view/Extent.ftl"
2020-06-28 16:56:03,901 DEBUG [main] cache:45 - Couldn't find template in cache for "Extent.ftl"("en_IN", UTF-8, parsed); will try to load it.
2020-06-28 16:56:03,902 DEBUG [main] cache:45 - TemplateLoader.findTemplateSource("Extent_en_IN.ftl"): Not found
2020-06-28 16:56:03,903 DEBUG [main] cache:45 - TemplateLoader.findTemplateSource("Extent_en.ftl"): Not found
2020-06-28 16:56:03,905 DEBUG [main] cache:45 - TemplateLoader.findTemplateSource("Extent.ftl"): Found
2020-06-28 16:56:03,905 DEBUG [main] cache:45 - Loading template for "Extent.ftl"("en_IN", UTF-8, parsed) from "jar:file:/C:/Users/Admin/.m2/repository/com/relevantcodes/extentreports/2.41.2/extentreports-2.41.2.jar!/com/relevantcodes/extentreports/view/Extent.ftl"
