2020-01-25 17:08:51,361  INFO [main] WebEventListener:30 - Application Launched Successfully
2020-01-25 17:08:52,059  INFO [main] LoginPage:131 - Browser Terminated
2020-01-25 17:08:52,061  INFO [main] LoginPage:132 - -----------------------------------------------
2020-01-25 17:09:01,381  INFO [main] WebEventListener:30 - Application Launched Successfully
2020-01-25 17:09:02,055  INFO [main] LoginPage:131 - Browser Terminated
2020-01-25 17:09:02,056  INFO [main] LoginPage:132 - -----------------------------------------------
2020-01-25 17:09:11,952  INFO [main] WebEventListener:30 - Application Launched Successfully
2020-01-25 17:09:13,229  INFO [main] LoginPage:131 - Browser Terminated
2020-01-25 17:09:13,230  INFO [main] LoginPage:132 - -----------------------------------------------
2020-01-25 17:09:23,438  INFO [main] WebEventListener:35 - Application Launched Successfully
2020-01-25 17:09:28,728  INFO [main] HomePage:131 - Browser Terminated
2020-01-25 17:09:28,729  INFO [main] HomePage:132 - -----------------------------------------------
2020-01-25 17:09:39,460  INFO [main] WebEventListener:35 - Application Launched Successfully
2020-01-25 17:09:44,984  INFO [main] HomePage:131 - Browser Terminated
2020-01-25 17:09:44,985  INFO [main] HomePage:132 - -----------------------------------------------
2020-01-25 17:10:06,056  INFO [main] WebEventListener:35 - Application Launched Successfully
2020-01-25 17:10:12,050  INFO [main] HomePage:131 - Browser Terminated
2020-01-25 17:10:12,053  INFO [main] HomePage:132 - -----------------------------------------------
2020-01-25 17:10:22,705  INFO [main] WebEventListener:30 - Application Launched Successfully
2020-01-25 17:10:22,769  INFO [main] LoginPage:50 - CRM Logo Verified
2020-01-25 17:10:23,471  INFO [main] LoginPage:131 - Browser Terminated
2020-01-25 17:10:23,472  INFO [main] LoginPage:132 - -----------------------------------------------
2020-01-25 17:10:35,102  INFO [main] WebEventListener:35 - Application Launched Successfully
2020-01-25 17:10:48,710  INFO [main] HomePage:131 - Browser Terminated
2020-01-25 17:10:48,711  INFO [main] HomePage:132 - -----------------------------------------------
