2020-06-17 22:52:20,018  INFO [main] WebEventListener:30 - Application Launched Successfully
2020-06-17 22:52:20,117  INFO [main] LoginPage:41 - Login Page Title Verified
2020-06-17 22:52:20,760  INFO [main] LoginPage:138 - Browser Terminated
2020-06-17 22:52:20,762  INFO [main] LoginPage:139 - -----------------------------------------------
2020-06-17 22:52:35,729  INFO [main] WebEventListener:36 - Application Launched Successfully
2020-06-17 22:52:52,374  INFO [main] HomePage:138 - Browser Terminated
2020-06-17 22:52:52,376  INFO [main] HomePage:139 - -----------------------------------------------
2020-06-17 22:53:08,755  INFO [main] WebEventListener:36 - Application Launched Successfully
2020-06-17 22:53:22,650  INFO [main] HomePage:138 - Browser Terminated
2020-06-17 22:53:22,652  INFO [main] HomePage:139 - -----------------------------------------------
2020-06-17 22:53:42,346  INFO [main] WebEventListener:36 - Application Launched Successfully
2020-06-17 22:53:54,015  INFO [main] HomePage:138 - Browser Terminated
2020-06-17 22:53:54,027  INFO [main] HomePage:139 - -----------------------------------------------
2020-06-17 22:54:11,188  INFO [main] WebEventListener:30 - Application Launched Successfully
2020-06-17 22:54:11,237  INFO [main] LoginPage:50 - CRM Logo Verified
2020-06-17 22:54:12,722  INFO [main] LoginPage:138 - Browser Terminated
2020-06-17 22:54:12,723  INFO [main] LoginPage:139 - -----------------------------------------------
2020-06-17 22:54:35,004  INFO [main] WebEventListener:36 - Application Launched Successfully
2020-06-17 22:54:45,340  INFO [main] HomePage:60 - UserName Verified
2020-06-17 22:54:46,446  INFO [main] HomePage:138 - Browser Terminated
2020-06-17 22:54:46,449  INFO [main] HomePage:139 - -----------------------------------------------
2020-06-17 22:55:05,736  INFO [main] WebEventListener:30 - Application Launched Successfully
2020-06-17 22:55:16,740  INFO [main] HomePage:58 - Successfully Logged into CRM Application
2020-06-17 22:55:17,387  INFO [main] HomePage:138 - Browser Terminated
2020-06-17 22:55:17,388  INFO [main] HomePage:139 - -----------------------------------------------
2020-06-17 22:55:34,425  INFO [main] WebEventListener:36 - Application Launched Successfully
2020-06-17 22:55:47,015  INFO [main] ContactsPage:69 - Switched into Frame and Clicked on Contacts Link
2020-06-17 22:55:47,614  INFO [main] ContactsPage:138 - Browser Terminated
2020-06-17 22:55:47,616  INFO [main] ContactsPage:139 - -----------------------------------------------
2020-06-17 22:56:07,508  INFO [main] WebEventListener:36 - Application Launched Successfully
2020-06-17 22:56:17,763  INFO [main] DealsPage:78 - Switched into Frame and Clicked on Deals Link
2020-06-17 22:56:18,353  INFO [main] DealsPage:138 - Browser Terminated
2020-06-17 22:56:18,355  INFO [main] DealsPage:139 - -----------------------------------------------
2020-06-17 22:56:18,409 DEBUG [main] cache:45 - Couldn't find template in cache for "Extent.ftl"("en_IN", UTF-8, parsed); will try to load it.
2020-06-17 22:56:18,412 DEBUG [main] cache:45 - TemplateLoader.findTemplateSource("Extent_en_IN.ftl"): Not found
2020-06-17 22:56:18,415 DEBUG [main] cache:45 - TemplateLoader.findTemplateSource("Extent_en.ftl"): Not found
2020-06-17 22:56:18,417 DEBUG [main] cache:45 - TemplateLoader.findTemplateSource("Extent.ftl"): Found
2020-06-17 22:56:18,418 DEBUG [main] cache:45 - Loading template for "Extent.ftl"("en_IN", UTF-8, parsed) from "jar:file:/C:/Users/Admin/.m2/repository/com/relevantcodes/extentreports/2.41.2/extentreports-2.41.2.jar!/com/relevantcodes/extentreports/view/Extent.ftl"
2020-06-17 22:56:18,869 DEBUG [main] cache:45 - Couldn't find template in cache for "Extent.ftl"("en_IN", UTF-8, parsed); will try to load it.
2020-06-17 22:56:18,870 DEBUG [main] cache:45 - TemplateLoader.findTemplateSource("Extent_en_IN.ftl"): Not found
2020-06-17 22:56:18,871 DEBUG [main] cache:45 - TemplateLoader.findTemplateSource("Extent_en.ftl"): Not found
2020-06-17 22:56:18,872 DEBUG [main] cache:45 - TemplateLoader.findTemplateSource("Extent.ftl"): Found
2020-06-17 22:56:18,872 DEBUG [main] cache:45 - Loading template for "Extent.ftl"("en_IN", UTF-8, parsed) from "jar:file:/C:/Users/Admin/.m2/repository/com/relevantcodes/extentreports/2.41.2/extentreports-2.41.2.jar!/com/relevantcodes/extentreports/view/Extent.ftl"
