2020-07-26 21:41:02,304  INFO [main] WebEventListener:26 - Application Launched Successfully
2020-07-26 21:41:02,393  INFO [main] LoginPage:36 - Login Page Title Verified
2020-07-26 21:41:03,035  INFO [main] LoginPage:111 - Browser Terminated
2020-07-26 21:41:03,036  INFO [main] LoginPage:112 - -----------------------------------------------
2020-07-26 21:41:17,509  INFO [main] WebEventListener:32 - Application Launched Successfully
2020-07-26 21:41:26,994  INFO [main] HomePage:111 - Browser Terminated
2020-07-26 21:41:26,996  INFO [main] HomePage:112 - -----------------------------------------------
2020-07-26 21:41:41,047  INFO [main] TestUtility:35 - Application Launched Successfully
2020-07-26 21:41:50,884  INFO [main] ContactsPage:49 - Verified Contacts Page Label
2020-07-26 21:41:51,552  INFO [main] ContactsPage:111 - Browser Terminated
2020-07-26 21:41:51,554  INFO [main] ContactsPage:112 - -----------------------------------------------
2020-07-26 21:42:06,054  INFO [main] WebEventListener:26 - Application Launched Successfully
2020-07-26 21:42:06,122  INFO [main] LoginPage:44 - CRM Logo Verified
2020-07-26 21:42:06,744  INFO [main] LoginPage:111 - Browser Terminated
2020-07-26 21:42:06,746  INFO [main] LoginPage:112 - -----------------------------------------------
2020-07-26 21:42:21,424  INFO [main] WebEventListener:32 - Application Launched Successfully
2020-07-26 21:42:29,704  INFO [main] HomePage:54 - UserName Verified
2020-07-26 21:42:30,344  INFO [main] HomePage:111 - Browser Terminated
2020-07-26 21:42:30,345  INFO [main] HomePage:112 - -----------------------------------------------
2020-07-26 21:42:44,450  INFO [main] TestUtility:35 - Application Launched Successfully
2020-07-26 21:42:53,974  INFO [main] ContactsPage:58 - Verified Single Contacts
2020-07-26 21:42:54,609  INFO [main] ContactsPage:111 - Browser Terminated
2020-07-26 21:42:54,610  INFO [main] ContactsPage:112 - -----------------------------------------------
2020-07-26 21:43:09,271  INFO [main] WebEventListener:26 - Application Launched Successfully
2020-07-26 21:43:18,074  INFO [main] HomePage:51 - Successfully Logged into CRM Application
2020-07-26 21:43:18,705  INFO [main] HomePage:111 - Browser Terminated
2020-07-26 21:43:18,706  INFO [main] HomePage:112 - -----------------------------------------------
2020-07-26 21:43:33,568  INFO [main] WebEventListener:32 - Application Launched Successfully
2020-07-26 21:43:43,310  INFO [main] ContactsPage:62 - Switched into Frame and Clicked on Contacts Link
2020-07-26 21:43:43,915  INFO [main] ContactsPage:111 - Browser Terminated
2020-07-26 21:43:43,916  INFO [main] ContactsPage:112 - -----------------------------------------------
2020-07-26 21:43:58,012  INFO [main] TestUtility:35 - Application Launched Successfully
2020-07-26 21:44:08,687  INFO [main] ContactsPage:68 - Verified Multiple Contacts
2020-07-26 21:44:09,309  INFO [main] ContactsPage:111 - Browser Terminated
2020-07-26 21:44:09,310  INFO [main] ContactsPage:112 - -----------------------------------------------
2020-07-26 21:44:24,472  INFO [main] WebEventListener:32 - Application Launched Successfully
2020-07-26 21:44:34,486  INFO [main] DealsPage:70 - Switched into Frame and Clicked on Deals Link
2020-07-26 21:44:35,111  INFO [main] DealsPage:111 - Browser Terminated
2020-07-26 21:44:35,112  INFO [main] DealsPage:112 - -----------------------------------------------
2020-07-26 21:44:49,815  INFO [main] TestUtility:35 - Application Launched Successfully
2020-07-26 21:45:03,625  INFO [main] HomePage:84 - New Contacts Created Successfully
2020-07-26 21:45:04,247  INFO [main] HomePage:111 - Browser Terminated
2020-07-26 21:45:04,248  INFO [main] HomePage:112 - -----------------------------------------------
2020-07-26 21:45:18,793  INFO [main] TestUtility:35 - Application Launched Successfully
2020-07-26 21:45:32,496  INFO [main] HomePage:84 - New Contacts Created Successfully
2020-07-26 21:45:33,113  INFO [main] HomePage:111 - Browser Terminated
2020-07-26 21:45:33,114  INFO [main] HomePage:112 - -----------------------------------------------
2020-07-26 21:45:47,781  INFO [main] TestUtility:35 - Application Launched Successfully
2020-07-26 21:46:01,313  INFO [main] HomePage:84 - New Contacts Created Successfully
2020-07-26 21:46:01,926  INFO [main] HomePage:111 - Browser Terminated
2020-07-26 21:46:01,927  INFO [main] HomePage:112 - -----------------------------------------------
2020-07-26 21:46:02,015 DEBUG [main] cache:44 - Couldn't find template in cache for "spark/spark.spa.ftl"("en_IN", UTF-8, parsed); will try to load it.
2020-07-26 21:46:02,016 DEBUG [main] cache:44 - TemplateLoader.findTemplateSource("spark/spark.spa_en_IN.ftl"): Not found
2020-07-26 21:46:02,018 DEBUG [main] cache:44 - TemplateLoader.findTemplateSource("spark/spark.spa_en.ftl"): Not found
2020-07-26 21:46:02,020 DEBUG [main] cache:44 - TemplateLoader.findTemplateSource("spark/spark.spa.ftl"): Found
2020-07-26 21:46:02,021 DEBUG [main] cache:44 - Loading template for "spark/spark.spa.ftl"("en_IN", UTF-8, parsed) from "jar:file:/C:/Users/Admin/.m2/repository/com/aventstack/extentreports/4.1.7/extentreports-4.1.7.jar!/com/aventstack/extentreports/view/spark/spark.spa.ftl"
2020-07-26 21:46:02,203 DEBUG [main] cache:44 - Couldn't find template in cache for "commons/commons-variables.ftl"("en_IN", UTF-8, parsed); will try to load it.
2020-07-26 21:46:02,204 DEBUG [main] cache:44 - TemplateLoader.findTemplateSource("commons/commons-variables_en_IN.ftl"): Not found
2020-07-26 21:46:02,205 DEBUG [main] cache:44 - TemplateLoader.findTemplateSource("commons/commons-variables_en.ftl"): Not found
2020-07-26 21:46:02,206 DEBUG [main] cache:44 - TemplateLoader.findTemplateSource("commons/commons-variables.ftl"): Found
2020-07-26 21:46:02,206 DEBUG [main] cache:44 - Loading template for "commons/commons-variables.ftl"("en_IN", UTF-8, parsed) from "jar:file:/C:/Users/Admin/.m2/repository/com/aventstack/extentreports/4.1.7/extentreports-4.1.7.jar!/com/aventstack/extentreports/view/commons/commons-variables.ftl"
2020-07-26 21:46:02,293 DEBUG [main] cache:44 - Couldn't find template in cache for "commons/commons-macros.ftl"("en_IN", UTF-8, parsed); will try to load it.
2020-07-26 21:46:02,293 DEBUG [main] cache:44 - TemplateLoader.findTemplateSource("commons/commons-macros_en_IN.ftl"): Not found
2020-07-26 21:46:02,294 DEBUG [main] cache:44 - TemplateLoader.findTemplateSource("commons/commons-macros_en.ftl"): Not found
2020-07-26 21:46:02,295 DEBUG [main] cache:44 - TemplateLoader.findTemplateSource("commons/commons-macros.ftl"): Found
2020-07-26 21:46:02,296 DEBUG [main] cache:44 - Loading template for "commons/commons-macros.ftl"("en_IN", UTF-8, parsed) from "jar:file:/C:/Users/Admin/.m2/repository/com/aventstack/extentreports/4.1.7/extentreports-4.1.7.jar!/com/aventstack/extentreports/view/commons/commons-macros.ftl"
2020-07-26 21:46:02,314 DEBUG [main] cache:44 - Couldn't find template in cache for "spark/macros/attributes.ftl"("en_IN", UTF-8, parsed); will try to load it.
2020-07-26 21:46:02,315 DEBUG [main] cache:44 - TemplateLoader.findTemplateSource("spark/macros/attributes_en_IN.ftl"): Not found
2020-07-26 21:46:02,316 DEBUG [main] cache:44 - TemplateLoader.findTemplateSource("spark/macros/attributes_en.ftl"): Not found
2020-07-26 21:46:02,317 DEBUG [main] cache:44 - TemplateLoader.findTemplateSource("spark/macros/attributes.ftl"): Found
2020-07-26 21:46:02,318 DEBUG [main] cache:44 - Loading template for "spark/macros/attributes.ftl"("en_IN", UTF-8, parsed) from "jar:file:/C:/Users/Admin/.m2/repository/com/aventstack/extentreports/4.1.7/extentreports-4.1.7.jar!/com/aventstack/extentreports/view/spark/macros/attributes.ftl"
2020-07-26 21:46:02,322 DEBUG [main] cache:44 - Couldn't find template in cache for "spark/macros/log.ftl"("en_IN", UTF-8, parsed); will try to load it.
2020-07-26 21:46:02,323 DEBUG [main] cache:44 - TemplateLoader.findTemplateSource("spark/macros/log_en_IN.ftl"): Not found
2020-07-26 21:46:02,324 DEBUG [main] cache:44 - TemplateLoader.findTemplateSource("spark/macros/log_en.ftl"): Not found
2020-07-26 21:46:02,325 DEBUG [main] cache:44 - TemplateLoader.findTemplateSource("spark/macros/log.ftl"): Found
2020-07-26 21:46:02,326 DEBUG [main] cache:44 - Loading template for "spark/macros/log.ftl"("en_IN", UTF-8, parsed) from "jar:file:/C:/Users/Admin/.m2/repository/com/aventstack/extentreports/4.1.7/extentreports-4.1.7.jar!/com/aventstack/extentreports/view/spark/macros/log.ftl"
2020-07-26 21:46:02,330 DEBUG [main] cache:44 - Couldn't find template in cache for "spark/macros/recurse_nodes.ftl"("en_IN", UTF-8, parsed); will try to load it.
2020-07-26 21:46:02,331 DEBUG [main] cache:44 - TemplateLoader.findTemplateSource("spark/macros/recurse_nodes_en_IN.ftl"): Not found
2020-07-26 21:46:02,332 DEBUG [main] cache:44 - TemplateLoader.findTemplateSource("spark/macros/recurse_nodes_en.ftl"): Not found
2020-07-26 21:46:02,332 DEBUG [main] cache:44 - TemplateLoader.findTemplateSource("spark/macros/recurse_nodes.ftl"): Found
2020-07-26 21:46:02,333 DEBUG [main] cache:44 - Loading template for "spark/macros/recurse_nodes.ftl"("en_IN", UTF-8, parsed) from "jar:file:/C:/Users/Admin/.m2/repository/com/aventstack/extentreports/4.1.7/extentreports-4.1.7.jar!/com/aventstack/extentreports/view/spark/macros/recurse_nodes.ftl"
2020-07-26 21:46:02,338 DEBUG [main] cache:44 - "spark/macros/log.ftl"("en_IN", UTF-8, parsed) cached copy not yet stale; using cached.
2020-07-26 21:46:02,349 DEBUG [main] cache:44 - Couldn't find template in cache for "spark/partials/head.ftl"("en_IN", UTF-8, parsed); will try to load it.
2020-07-26 21:46:02,350 DEBUG [main] cache:44 - TemplateLoader.findTemplateSource("spark/partials/head_en_IN.ftl"): Not found
2020-07-26 21:46:02,351 DEBUG [main] cache:44 - TemplateLoader.findTemplateSource("spark/partials/head_en.ftl"): Not found
2020-07-26 21:46:02,353 DEBUG [main] cache:44 - TemplateLoader.findTemplateSource("spark/partials/head.ftl"): Found
2020-07-26 21:46:02,353 DEBUG [main] cache:44 - Loading template for "spark/partials/head.ftl"("en_IN", UTF-8, parsed) from "jar:file:/C:/Users/Admin/.m2/repository/com/aventstack/extentreports/4.1.7/extentreports-4.1.7.jar!/com/aventstack/extentreports/view/spark/partials/head.ftl"
2020-07-26 21:46:02,358 DEBUG [main] cache:44 - Couldn't find template in cache for "commons/commons-inject-css.ftl"("en_IN", UTF-8, parsed); will try to load it.
2020-07-26 21:46:02,359 DEBUG [main] cache:44 - TemplateLoader.findTemplateSource("commons/commons-inject-css_en_IN.ftl"): Not found
2020-07-26 21:46:02,360 DEBUG [main] cache:44 - TemplateLoader.findTemplateSource("commons/commons-inject-css_en.ftl"): Not found
2020-07-26 21:46:02,361 DEBUG [main] cache:44 - TemplateLoader.findTemplateSource("commons/commons-inject-css.ftl"): Found
2020-07-26 21:46:02,362 DEBUG [main] cache:44 - Loading template for "commons/commons-inject-css.ftl"("en_IN", UTF-8, parsed) from "jar:file:/C:/Users/Admin/.m2/repository/com/aventstack/extentreports/4.1.7/extentreports-4.1.7.jar!/com/aventstack/extentreports/view/commons/commons-inject-css.ftl"
2020-07-26 21:46:02,363 DEBUG [main] cache:44 - Couldn't find template in cache for "spark/partials/navbar.ftl"("en_IN", UTF-8, parsed); will try to load it.
2020-07-26 21:46:02,364 DEBUG [main] cache:44 - TemplateLoader.findTemplateSource("spark/partials/navbar_en_IN.ftl"): Not found
2020-07-26 21:46:02,365 DEBUG [main] cache:44 - TemplateLoader.findTemplateSource("spark/partials/navbar_en.ftl"): Not found
2020-07-26 21:46:02,365 DEBUG [main] cache:44 - TemplateLoader.findTemplateSource("spark/partials/navbar.ftl"): Found
2020-07-26 21:46:02,366 DEBUG [main] cache:44 - Loading template for "spark/partials/navbar.ftl"("en_IN", UTF-8, parsed) from "jar:file:/C:/Users/Admin/.m2/repository/com/aventstack/extentreports/4.1.7/extentreports-4.1.7.jar!/com/aventstack/extentreports/view/spark/partials/navbar.ftl"
2020-07-26 21:46:02,380 DEBUG [main] cache:44 - Couldn't find template in cache for "spark/partials/sidenav.ftl"("en_IN", UTF-8, parsed); will try to load it.
2020-07-26 21:46:02,381 DEBUG [main] cache:44 - TemplateLoader.findTemplateSource("spark/partials/sidenav_en_IN.ftl"): Not found
2020-07-26 21:46:02,382 DEBUG [main] cache:44 - TemplateLoader.findTemplateSource("spark/partials/sidenav_en.ftl"): Not found
2020-07-26 21:46:02,383 DEBUG [main] cache:44 - TemplateLoader.findTemplateSource("spark/partials/sidenav.ftl"): Found
2020-07-26 21:46:02,383 DEBUG [main] cache:44 - Loading template for "spark/partials/sidenav.ftl"("en_IN", UTF-8, parsed) from "jar:file:/C:/Users/Admin/.m2/repository/com/aventstack/extentreports/4.1.7/extentreports-4.1.7.jar!/com/aventstack/extentreports/view/spark/partials/sidenav.ftl"
2020-07-26 21:46:02,387 DEBUG [main] cache:44 - Couldn't find template in cache for "spark/partials/test.ftl"("en_IN", UTF-8, parsed); will try to load it.
2020-07-26 21:46:02,389 DEBUG [main] cache:44 - TemplateLoader.findTemplateSource("spark/partials/test_en_IN.ftl"): Not found
2020-07-26 21:46:02,389 DEBUG [main] cache:44 - TemplateLoader.findTemplateSource("spark/partials/test_en.ftl"): Not found
2020-07-26 21:46:02,390 DEBUG [main] cache:44 - TemplateLoader.findTemplateSource("spark/partials/test.ftl"): Found
2020-07-26 21:46:02,391 DEBUG [main] cache:44 - Loading template for "spark/partials/test.ftl"("en_IN", UTF-8, parsed) from "jar:file:/C:/Users/Admin/.m2/repository/com/aventstack/extentreports/4.1.7/extentreports-4.1.7.jar!/com/aventstack/extentreports/view/spark/partials/test.ftl"
2020-07-26 21:46:02,426 DEBUG [main] cache:44 - Couldn't find template in cache for "spark/partials/standard-content.ftl"("en_IN", UTF-8, parsed); will try to load it.
2020-07-26 21:46:02,427 DEBUG [main] cache:44 - TemplateLoader.findTemplateSource("spark/partials/standard-content_en_IN.ftl"): Not found
2020-07-26 21:46:02,428 DEBUG [main] cache:44 - TemplateLoader.findTemplateSource("spark/partials/standard-content_en.ftl"): Not found
2020-07-26 21:46:02,429 DEBUG [main] cache:44 - TemplateLoader.findTemplateSource("spark/partials/standard-content.ftl"): Found
2020-07-26 21:46:02,429 DEBUG [main] cache:44 - Loading template for "spark/partials/standard-content.ftl"("en_IN", UTF-8, parsed) from "jar:file:/C:/Users/Admin/.m2/repository/com/aventstack/extentreports/4.1.7/extentreports-4.1.7.jar!/com/aventstack/extentreports/view/spark/partials/standard-content.ftl"
2020-07-26 21:46:02,440 DEBUG [main] cache:44 - "spark/partials/standard-content.ftl"("en_IN", UTF-8, parsed) cached copy not yet stale; using cached.
2020-07-26 21:46:02,451 DEBUG [main] cache:44 - "spark/partials/standard-content.ftl"("en_IN", UTF-8, parsed) cached copy not yet stale; using cached.
2020-07-26 21:46:02,454 DEBUG [main] cache:44 - "spark/partials/standard-content.ftl"("en_IN", UTF-8, parsed) cached copy not yet stale; using cached.
2020-07-26 21:46:02,456 DEBUG [main] cache:44 - "spark/partials/standard-content.ftl"("en_IN", UTF-8, parsed) cached copy not yet stale; using cached.
2020-07-26 21:46:02,458 DEBUG [main] cache:44 - "spark/partials/standard-content.ftl"("en_IN", UTF-8, parsed) cached copy not yet stale; using cached.
2020-07-26 21:46:02,460 DEBUG [main] cache:44 - "spark/partials/standard-content.ftl"("en_IN", UTF-8, parsed) cached copy not yet stale; using cached.
2020-07-26 21:46:02,464 DEBUG [main] cache:44 - "spark/partials/standard-content.ftl"("en_IN", UTF-8, parsed) cached copy not yet stale; using cached.
2020-07-26 21:46:02,466 DEBUG [main] cache:44 - "spark/partials/standard-content.ftl"("en_IN", UTF-8, parsed) cached copy not yet stale; using cached.
2020-07-26 21:46:02,469 DEBUG [main] cache:44 - "spark/partials/standard-content.ftl"("en_IN", UTF-8, parsed) cached copy not yet stale; using cached.
2020-07-26 21:46:02,471 DEBUG [main] cache:44 - "spark/partials/standard-content.ftl"("en_IN", UTF-8, parsed) cached copy not yet stale; using cached.
2020-07-26 21:46:02,473 DEBUG [main] cache:44 - "spark/partials/standard-content.ftl"("en_IN", UTF-8, parsed) cached copy not yet stale; using cached.
2020-07-26 21:46:02,475 DEBUG [main] cache:44 - "spark/partials/standard-content.ftl"("en_IN", UTF-8, parsed) cached copy not yet stale; using cached.
2020-07-26 21:46:02,476 DEBUG [main] cache:44 - Couldn't find template in cache for "spark/partials/exception.ftl"("en_IN", UTF-8, parsed); will try to load it.
2020-07-26 21:46:02,477 DEBUG [main] cache:44 - TemplateLoader.findTemplateSource("spark/partials/exception_en_IN.ftl"): Not found
2020-07-26 21:46:02,478 DEBUG [main] cache:44 - TemplateLoader.findTemplateSource("spark/partials/exception_en.ftl"): Not found
2020-07-26 21:46:02,480 DEBUG [main] cache:44 - TemplateLoader.findTemplateSource("spark/partials/exception.ftl"): Found
2020-07-26 21:46:02,480 DEBUG [main] cache:44 - Loading template for "spark/partials/exception.ftl"("en_IN", UTF-8, parsed) from "jar:file:/C:/Users/Admin/.m2/repository/com/aventstack/extentreports/4.1.7/extentreports-4.1.7.jar!/com/aventstack/extentreports/view/spark/partials/exception.ftl"
2020-07-26 21:46:02,489 DEBUG [main] cache:44 - Couldn't find template in cache for "spark/partials/dashboard.ftl"("en_IN", UTF-8, parsed); will try to load it.
2020-07-26 21:46:02,490 DEBUG [main] cache:44 - TemplateLoader.findTemplateSource("spark/partials/dashboard_en_IN.ftl"): Not found
2020-07-26 21:46:02,491 DEBUG [main] cache:44 - TemplateLoader.findTemplateSource("spark/partials/dashboard_en.ftl"): Not found
2020-07-26 21:46:02,492 DEBUG [main] cache:44 - TemplateLoader.findTemplateSource("spark/partials/dashboard.ftl"): Found
2020-07-26 21:46:02,492 DEBUG [main] cache:44 - Loading template for "spark/partials/dashboard.ftl"("en_IN", UTF-8, parsed) from "jar:file:/C:/Users/Admin/.m2/repository/com/aventstack/extentreports/4.1.7/extentreports-4.1.7.jar!/com/aventstack/extentreports/view/spark/partials/dashboard.ftl"
2020-07-26 21:46:02,552 DEBUG [main] cache:44 - Couldn't find template in cache for "spark/partials/scripts.ftl"("en_IN", UTF-8, parsed); will try to load it.
2020-07-26 21:46:02,553 DEBUG [main] cache:44 - TemplateLoader.findTemplateSource("spark/partials/scripts_en_IN.ftl"): Not found
2020-07-26 21:46:02,555 DEBUG [main] cache:44 - TemplateLoader.findTemplateSource("spark/partials/scripts_en.ftl"): Not found
2020-07-26 21:46:02,556 DEBUG [main] cache:44 - TemplateLoader.findTemplateSource("spark/partials/scripts.ftl"): Found
2020-07-26 21:46:02,557 DEBUG [main] cache:44 - Loading template for "spark/partials/scripts.ftl"("en_IN", UTF-8, parsed) from "jar:file:/C:/Users/Admin/.m2/repository/com/aventstack/extentreports/4.1.7/extentreports-4.1.7.jar!/com/aventstack/extentreports/view/spark/partials/scripts.ftl"
2020-07-26 21:46:02,559 DEBUG [main] cache:44 - Couldn't find template in cache for "commons/commons-inject-js.ftl"("en_IN", UTF-8, parsed); will try to load it.
2020-07-26 21:46:02,560 DEBUG [main] cache:44 - TemplateLoader.findTemplateSource("commons/commons-inject-js_en_IN.ftl"): Not found
2020-07-26 21:46:02,561 DEBUG [main] cache:44 - TemplateLoader.findTemplateSource("commons/commons-inject-js_en.ftl"): Not found
2020-07-26 21:46:02,562 DEBUG [main] cache:44 - TemplateLoader.findTemplateSource("commons/commons-inject-js.ftl"): Found
2020-07-26 21:46:02,563 DEBUG [main] cache:44 - Loading template for "commons/commons-inject-js.ftl"("en_IN", UTF-8, parsed) from "jar:file:/C:/Users/Admin/.m2/repository/com/aventstack/extentreports/4.1.7/extentreports-4.1.7.jar!/com/aventstack/extentreports/view/commons/commons-inject-js.ftl"
