2019-08-18 20:46:04,567  INFO [main] WebEventListener:30 - Application Launched Successfully
2019-08-18 20:46:05,767  INFO [main] LoginPage:131 - Browser Terminated
2019-08-18 20:46:05,768  INFO [main] LoginPage:132 - -----------------------------------------------
2019-08-18 20:46:20,219  INFO [main] WebEventListener:30 - Application Launched Successfully
2019-08-18 20:46:20,348  INFO [main] LoginPage:50 - CRM Logo Verified
2019-08-18 20:46:20,972  INFO [main] LoginPage:131 - Browser Terminated
2019-08-18 20:46:20,973  INFO [main] LoginPage:132 - -----------------------------------------------
2019-08-18 20:46:35,489  INFO [main] WebEventListener:30 - Application Launched Successfully
2019-08-18 20:46:47,297  INFO [main] HomePage:58 - Successfully Logged into CRM Application
2019-08-18 20:46:47,951  INFO [main] HomePage:131 - Browser Terminated
2019-08-18 20:46:47,952  INFO [main] HomePage:132 - -----------------------------------------------
2019-08-18 20:47:01,067  INFO [main] WebEventListener:35 - Application Launched Successfully
2019-08-18 20:47:09,856  INFO [main] HomePage:131 - Browser Terminated
2019-08-18 20:47:09,857  INFO [main] HomePage:132 - -----------------------------------------------
2019-08-18 20:47:21,901  INFO [main] WebEventListener:35 - Application Launched Successfully
2019-08-18 20:47:30,497  INFO [main] HomePage:63 - UserName Verified
2019-08-18 20:47:31,105  INFO [main] HomePage:131 - Browser Terminated
2019-08-18 20:47:31,106  INFO [main] HomePage:132 - -----------------------------------------------
2019-08-18 20:47:45,438  INFO [main] WebEventListener:35 - Application Launched Successfully
2019-08-18 20:47:56,436  INFO [main] ContactsPage:72 - Switched into Frame and Clicked on Contacts Link
2019-08-18 20:47:57,114  INFO [main] ContactsPage:131 - Browser Terminated
2019-08-18 20:47:57,115  INFO [main] ContactsPage:132 - -----------------------------------------------
2019-08-18 20:48:12,715  INFO [main] WebEventListener:35 - Application Launched Successfully
2019-08-18 20:48:22,742  INFO [main] DealsPage:81 - Switched into Frame and Clicked on Deals Link
2019-08-18 20:48:23,387  INFO [main] DealsPage:131 - Browser Terminated
2019-08-18 20:48:23,388  INFO [main] DealsPage:132 - -----------------------------------------------
2019-08-18 20:48:35,504  INFO [main] TestUtility:39 - Application Launched Successfully
2019-08-18 20:48:43,924  INFO [main] ContactsPage:54 - Verified Contacts Page Label
2019-08-18 20:48:44,556  INFO [main] ContactsPage:131 - Browser Terminated
2019-08-18 20:48:44,557  INFO [main] ContactsPage:132 - -----------------------------------------------
2019-08-18 20:48:56,883  INFO [main] TestUtility:39 - Application Launched Successfully
2019-08-18 20:49:39,615  INFO [main] ContactsPage:131 - Browser Terminated
2019-08-18 20:49:39,615  INFO [main] ContactsPage:132 - -----------------------------------------------
2019-08-18 20:49:54,557  INFO [main] TestUtility:39 - Application Launched Successfully
2019-08-18 20:50:38,283  INFO [main] ContactsPage:131 - Browser Terminated
2019-08-18 20:50:38,283  INFO [main] ContactsPage:132 - -----------------------------------------------
2019-08-18 20:50:59,707  INFO [main] TestUtility:39 - Application Launched Successfully
2019-08-18 20:51:13,816  INFO [main] ContactsPage:88 - New Contacts Created Successfully
2019-08-18 20:51:14,473  INFO [main] ContactsPage:131 - Browser Terminated
2019-08-18 20:51:14,473  INFO [main] ContactsPage:132 - -----------------------------------------------
2019-08-18 20:51:30,813  INFO [main] TestUtility:39 - Application Launched Successfully
2019-08-18 20:51:42,953  INFO [main] ContactsPage:88 - New Contacts Created Successfully
2019-08-18 20:51:43,596  INFO [main] ContactsPage:131 - Browser Terminated
2019-08-18 20:51:43,596  INFO [main] ContactsPage:132 - -----------------------------------------------
2019-08-18 20:51:53,478  INFO [main] TestUtility:39 - Application Launched Successfully
2019-08-18 20:52:06,732  INFO [main] ContactsPage:88 - New Contacts Created Successfully
2019-08-18 20:52:07,517  INFO [main] ContactsPage:131 - Browser Terminated
2019-08-18 20:52:07,517  INFO [main] ContactsPage:132 - -----------------------------------------------
2019-08-18 20:52:07,548 DEBUG [main] cache:45 - Couldn't find template in cache for "Extent.ftl"("en_IN", UTF-8, parsed); will try to load it.
2019-08-18 20:52:07,548 DEBUG [main] cache:45 - TemplateLoader.findTemplateSource("Extent_en_IN.ftl"): Not found
2019-08-18 20:52:07,548 DEBUG [main] cache:45 - TemplateLoader.findTemplateSource("Extent_en.ftl"): Not found
2019-08-18 20:52:07,548 DEBUG [main] cache:45 - TemplateLoader.findTemplateSource("Extent.ftl"): Found
2019-08-18 20:52:07,548 DEBUG [main] cache:45 - Loading template for "Extent.ftl"("en_IN", UTF-8, parsed) from "jar:file:/C:/Users/Admin/.m2/repository/com/relevantcodes/extentreports/2.41.2/extentreports-2.41.2.jar!/com/relevantcodes/extentreports/view/Extent.ftl"
2019-08-18 20:52:07,938 DEBUG [main] cache:45 - Couldn't find template in cache for "Extent.ftl"("en_IN", UTF-8, parsed); will try to load it.
2019-08-18 20:52:07,938 DEBUG [main] cache:45 - TemplateLoader.findTemplateSource("Extent_en_IN.ftl"): Not found
2019-08-18 20:52:07,938 DEBUG [main] cache:45 - TemplateLoader.findTemplateSource("Extent_en.ftl"): Not found
2019-08-18 20:52:07,938 DEBUG [main] cache:45 - TemplateLoader.findTemplateSource("Extent.ftl"): Found
2019-08-18 20:52:07,938 DEBUG [main] cache:45 - Loading template for "Extent.ftl"("en_IN", UTF-8, parsed) from "jar:file:/C:/Users/Admin/.m2/repository/com/relevantcodes/extentreports/2.41.2/extentreports-2.41.2.jar!/com/relevantcodes/extentreports/view/Extent.ftl"
