2019-08-27 23:31:12,762  INFO [main] WebEventListener:30 - Application Launched Successfully
2019-08-27 23:31:13,980  INFO [main] LoginPage:131 - Browser Terminated
2019-08-27 23:31:13,980  INFO [main] LoginPage:132 - -----------------------------------------------
2019-08-27 23:31:25,871  INFO [main] WebEventListener:30 - Application Launched Successfully
2019-08-27 23:31:25,942  INFO [main] LoginPage:50 - CRM Logo Verified
2019-08-27 23:31:26,593  INFO [main] LoginPage:131 - Browser Terminated
2019-08-27 23:31:26,593  INFO [main] LoginPage:132 - -----------------------------------------------
2019-08-27 23:31:36,864  INFO [main] WebEventListener:30 - Application Launched Successfully
2019-08-27 23:31:42,526  INFO [main] HomePage:58 - Successfully Logged into CRM Application
2019-08-27 23:31:43,178  INFO [main] HomePage:131 - Browser Terminated
2019-08-27 23:31:43,178  INFO [main] HomePage:132 - -----------------------------------------------
2019-08-27 23:31:53,445  INFO [main] WebEventListener:35 - Application Launched Successfully
2019-08-27 23:32:00,827  INFO [main] HomePage:131 - Browser Terminated
2019-08-27 23:32:00,827  INFO [main] HomePage:132 - -----------------------------------------------
2019-08-27 23:32:10,294  INFO [main] WebEventListener:35 - Application Launched Successfully
2019-08-27 23:32:16,731  INFO [main] HomePage:63 - UserName Verified
2019-08-27 23:32:17,382  INFO [main] HomePage:131 - Browser Terminated
2019-08-27 23:32:17,382  INFO [main] HomePage:132 - -----------------------------------------------
2019-08-27 23:32:27,897  INFO [main] WebEventListener:35 - Application Launched Successfully
2019-08-27 23:32:34,782  INFO [main] ContactsPage:72 - Switched into Frame and Clicked on Contacts Link
2019-08-27 23:32:35,433  INFO [main] ContactsPage:131 - Browser Terminated
2019-08-27 23:32:35,433  INFO [main] ContactsPage:132 - -----------------------------------------------
2019-08-27 23:32:45,961  INFO [main] WebEventListener:35 - Application Launched Successfully
2019-08-27 23:32:53,317  INFO [main] DealsPage:81 - Switched into Frame and Clicked on Deals Link
2019-08-27 23:32:53,951  INFO [main] DealsPage:131 - Browser Terminated
2019-08-27 23:32:53,951  INFO [main] DealsPage:132 - -----------------------------------------------
2019-08-27 23:33:04,099  INFO [main] TestUtility:39 - Application Launched Successfully
2019-08-27 23:33:10,707  INFO [main] ContactsPage:54 - Verified Contacts Page Label
2019-08-27 23:33:11,393  INFO [main] ContactsPage:131 - Browser Terminated
2019-08-27 23:33:11,393  INFO [main] ContactsPage:132 - -----------------------------------------------
2019-08-27 23:33:21,579  INFO [main] TestUtility:39 - Application Launched Successfully
2019-08-27 23:34:00,156  INFO [main] ContactsPage:131 - Browser Terminated
2019-08-27 23:34:00,156  INFO [main] ContactsPage:132 - -----------------------------------------------
2019-08-27 23:34:11,509  INFO [main] TestUtility:39 - Application Launched Successfully
2019-08-27 23:34:49,471  INFO [main] ContactsPage:131 - Browser Terminated
2019-08-27 23:34:49,471  INFO [main] ContactsPage:132 - -----------------------------------------------
2019-08-27 23:35:00,600  INFO [main] TestUtility:39 - Application Launched Successfully
2019-08-27 23:35:12,600  INFO [main] ContactsPage:88 - New Contacts Created Successfully
2019-08-27 23:35:13,257  INFO [main] ContactsPage:131 - Browser Terminated
2019-08-27 23:35:13,257  INFO [main] ContactsPage:132 - -----------------------------------------------
2019-08-27 23:35:25,046  INFO [main] TestUtility:39 - Application Launched Successfully
2019-08-27 23:35:37,320  INFO [main] ContactsPage:88 - New Contacts Created Successfully
2019-08-27 23:35:37,990  INFO [main] ContactsPage:131 - Browser Terminated
2019-08-27 23:35:37,990  INFO [main] ContactsPage:132 - -----------------------------------------------
2019-08-27 23:35:48,168  INFO [main] TestUtility:39 - Application Launched Successfully
2019-08-27 23:35:59,505  INFO [main] ContactsPage:88 - New Contacts Created Successfully
2019-08-27 23:36:00,172  INFO [main] ContactsPage:131 - Browser Terminated
2019-08-27 23:36:00,172  INFO [main] ContactsPage:132 - -----------------------------------------------
2019-08-27 23:36:00,234 DEBUG [main] cache:45 - Couldn't find template in cache for "Extent.ftl"("en_IN", UTF-8, parsed); will try to load it.
2019-08-27 23:36:00,234 DEBUG [main] cache:45 - TemplateLoader.findTemplateSource("Extent_en_IN.ftl"): Not found
2019-08-27 23:36:00,234 DEBUG [main] cache:45 - TemplateLoader.findTemplateSource("Extent_en.ftl"): Not found
2019-08-27 23:36:00,234 DEBUG [main] cache:45 - TemplateLoader.findTemplateSource("Extent.ftl"): Found
2019-08-27 23:36:00,234 DEBUG [main] cache:45 - Loading template for "Extent.ftl"("en_IN", UTF-8, parsed) from "jar:file:/C:/Users/Admin/.m2/repository/com/relevantcodes/extentreports/2.41.2/extentreports-2.41.2.jar!/com/relevantcodes/extentreports/view/Extent.ftl"
2019-08-27 23:36:00,671 DEBUG [main] cache:45 - Couldn't find template in cache for "Extent.ftl"("en_IN", UTF-8, parsed); will try to load it.
2019-08-27 23:36:00,671 DEBUG [main] cache:45 - TemplateLoader.findTemplateSource("Extent_en_IN.ftl"): Not found
2019-08-27 23:36:00,671 DEBUG [main] cache:45 - TemplateLoader.findTemplateSource("Extent_en.ftl"): Not found
2019-08-27 23:36:00,671 DEBUG [main] cache:45 - TemplateLoader.findTemplateSource("Extent.ftl"): Found
2019-08-27 23:36:00,671 DEBUG [main] cache:45 - Loading template for "Extent.ftl"("en_IN", UTF-8, parsed) from "jar:file:/C:/Users/Admin/.m2/repository/com/relevantcodes/extentreports/2.41.2/extentreports-2.41.2.jar!/com/relevantcodes/extentreports/view/Extent.ftl"
