2020-06-27 21:34:18,420  INFO [main] WebEventListener:30 - Application Launched Successfully
2020-06-27 21:34:18,518  INFO [main] LoginPage:41 - Login Page Title Verified
2020-06-27 21:34:19,629  INFO [main] LoginPage:138 - Browser Terminated
2020-06-27 21:34:19,630  INFO [main] LoginPage:139 - -----------------------------------------------
2020-06-27 21:34:40,568  INFO [main] WebEventListener:30 - Application Launched Successfully
2020-06-27 21:34:40,641  INFO [main] LoginPage:50 - CRM Logo Verified
2020-06-27 21:34:41,244  INFO [main] LoginPage:138 - Browser Terminated
2020-06-27 21:34:41,246  INFO [main] LoginPage:139 - -----------------------------------------------
2020-06-27 21:34:56,934  INFO [main] WebEventListener:30 - Application Launched Successfully
2020-06-27 21:35:05,767  INFO [main] HomePage:58 - Successfully Logged into CRM Application
2020-06-27 21:35:06,381  INFO [main] HomePage:138 - Browser Terminated
2020-06-27 21:35:06,382  INFO [main] HomePage:139 - -----------------------------------------------
2020-06-27 21:35:06,430 DEBUG [main] cache:45 - Couldn't find template in cache for "Extent.ftl"("en_IN", UTF-8, parsed); will try to load it.
2020-06-27 21:35:06,432 DEBUG [main] cache:45 - TemplateLoader.findTemplateSource("Extent_en_IN.ftl"): Not found
2020-06-27 21:35:06,434 DEBUG [main] cache:45 - TemplateLoader.findTemplateSource("Extent_en.ftl"): Not found
2020-06-27 21:35:06,436 DEBUG [main] cache:45 - TemplateLoader.findTemplateSource("Extent.ftl"): Found
2020-06-27 21:35:06,437 DEBUG [main] cache:45 - Loading template for "Extent.ftl"("en_IN", UTF-8, parsed) from "jar:file:/C:/Users/Admin/.m2/repository/com/relevantcodes/extentreports/2.41.2/extentreports-2.41.2.jar!/com/relevantcodes/extentreports/view/Extent.ftl"
2020-06-27 21:35:06,727 DEBUG [main] cache:45 - Couldn't find template in cache for "Extent.ftl"("en_IN", UTF-8, parsed); will try to load it.
2020-06-27 21:35:06,728 DEBUG [main] cache:45 - TemplateLoader.findTemplateSource("Extent_en_IN.ftl"): Not found
2020-06-27 21:35:06,729 DEBUG [main] cache:45 - TemplateLoader.findTemplateSource("Extent_en.ftl"): Not found
2020-06-27 21:35:06,730 DEBUG [main] cache:45 - TemplateLoader.findTemplateSource("Extent.ftl"): Found
2020-06-27 21:35:06,731 DEBUG [main] cache:45 - Loading template for "Extent.ftl"("en_IN", UTF-8, parsed) from "jar:file:/C:/Users/Admin/.m2/repository/com/relevantcodes/extentreports/2.41.2/extentreports-2.41.2.jar!/com/relevantcodes/extentreports/view/Extent.ftl"
