2020-05-24 11:28:06,217  INFO [main] WebEventListener:30 - Application Launched Successfully
2020-05-24 11:28:06,287  INFO [main] LoginPage:41 - Login Page Title Verified
2020-05-24 11:28:06,908  INFO [main] LoginPage:138 - Browser Terminated
2020-05-24 11:28:06,911  INFO [main] LoginPage:139 - -----------------------------------------------
2020-05-24 11:28:16,809  INFO [main] WebEventListener:36 - Application Launched Successfully
2020-05-24 11:28:24,418  INFO [main] HomePage:51 - Home Page Title Verified
2020-05-24 11:28:25,059  INFO [main] HomePage:138 - Browser Terminated
2020-05-24 11:28:25,062  INFO [main] HomePage:139 - -----------------------------------------------
2020-05-24 11:28:34,604  INFO [main] TestUtility:39 - Application Launched Successfully
2020-05-24 11:28:43,009  INFO [main] ContactsPage:54 - Verified Contacts Page Label
2020-05-24 11:28:43,636  INFO [main] ContactsPage:138 - Browser Terminated
2020-05-24 11:28:43,637  INFO [main] ContactsPage:139 - -----------------------------------------------
2020-05-24 11:28:54,214  INFO [main] WebEventListener:30 - Application Launched Successfully
2020-05-24 11:28:54,279  INFO [main] LoginPage:50 - CRM Logo Verified
2020-05-24 11:28:54,900  INFO [main] LoginPage:138 - Browser Terminated
2020-05-24 11:28:54,901  INFO [main] LoginPage:139 - -----------------------------------------------
2020-05-24 11:29:05,552  INFO [main] WebEventListener:36 - Application Launched Successfully
2020-05-24 11:29:12,103  INFO [main] HomePage:60 - UserName Verified
2020-05-24 11:29:12,779  INFO [main] HomePage:138 - Browser Terminated
2020-05-24 11:29:12,780  INFO [main] HomePage:139 - -----------------------------------------------
2020-05-24 11:29:22,706  INFO [main] TestUtility:39 - Application Launched Successfully
2020-05-24 11:29:31,490  INFO [main] ContactsPage:64 - Verified Single Contacts
2020-05-24 11:29:32,122  INFO [main] ContactsPage:138 - Browser Terminated
2020-05-24 11:29:32,124  INFO [main] ContactsPage:139 - -----------------------------------------------
2020-05-24 11:29:45,069  INFO [main] WebEventListener:30 - Application Launched Successfully
2020-05-24 11:29:51,814  INFO [main] HomePage:58 - Successfully Logged into CRM Application
2020-05-24 11:29:52,444  INFO [main] HomePage:138 - Browser Terminated
2020-05-24 11:29:52,445  INFO [main] HomePage:139 - -----------------------------------------------
2020-05-24 11:30:03,053  INFO [main] WebEventListener:36 - Application Launched Successfully
2020-05-24 11:30:12,613  INFO [main] ContactsPage:69 - Switched into Frame and Clicked on Contacts Link
2020-05-24 11:30:13,231  INFO [main] ContactsPage:138 - Browser Terminated
2020-05-24 11:30:13,233  INFO [main] ContactsPage:139 - -----------------------------------------------
2020-05-24 11:30:23,408  INFO [main] TestUtility:39 - Application Launched Successfully
2020-05-24 11:30:31,741  INFO [main] ContactsPage:75 - Verified Multiple Contacts
2020-05-24 11:30:32,367  INFO [main] ContactsPage:138 - Browser Terminated
2020-05-24 11:30:32,368  INFO [main] ContactsPage:139 - -----------------------------------------------
2020-05-24 11:30:42,840  INFO [main] WebEventListener:36 - Application Launched Successfully
2020-05-24 11:30:51,264  INFO [main] DealsPage:78 - Switched into Frame and Clicked on Deals Link
2020-05-24 11:30:51,888  INFO [main] DealsPage:138 - Browser Terminated
2020-05-24 11:30:51,889  INFO [main] DealsPage:139 - -----------------------------------------------
2020-05-24 11:31:03,793  INFO [main] TestUtility:39 - Application Launched Successfully
2020-05-24 11:31:16,056  INFO [main] HomePage:92 - New Contacts Created Successfully
2020-05-24 11:31:16,650  INFO [main] HomePage:138 - Browser Terminated
2020-05-24 11:31:16,651  INFO [main] HomePage:139 - -----------------------------------------------
2020-05-24 11:31:30,537  INFO [main] TestUtility:39 - Application Launched Successfully
2020-05-24 11:31:42,831  INFO [main] HomePage:92 - New Contacts Created Successfully
2020-05-24 11:31:43,439  INFO [main] HomePage:138 - Browser Terminated
2020-05-24 11:31:43,441  INFO [main] HomePage:139 - -----------------------------------------------
2020-05-24 11:31:54,596  INFO [main] TestUtility:39 - Application Launched Successfully
2020-05-24 11:32:06,843  INFO [main] HomePage:92 - New Contacts Created Successfully
2020-05-24 11:32:07,456  INFO [main] HomePage:138 - Browser Terminated
2020-05-24 11:32:07,457  INFO [main] HomePage:139 - -----------------------------------------------
2020-05-24 11:32:07,512 DEBUG [main] cache:45 - Couldn't find template in cache for "Extent.ftl"("en_IN", UTF-8, parsed); will try to load it.
2020-05-24 11:32:07,513 DEBUG [main] cache:45 - TemplateLoader.findTemplateSource("Extent_en_IN.ftl"): Not found
2020-05-24 11:32:07,517 DEBUG [main] cache:45 - TemplateLoader.findTemplateSource("Extent_en.ftl"): Not found
2020-05-24 11:32:07,518 DEBUG [main] cache:45 - TemplateLoader.findTemplateSource("Extent.ftl"): Found
2020-05-24 11:32:07,519 DEBUG [main] cache:45 - Loading template for "Extent.ftl"("en_IN", UTF-8, parsed) from "jar:file:/C:/Users/Admin/.m2/repository/com/relevantcodes/extentreports/2.41.2/extentreports-2.41.2.jar!/com/relevantcodes/extentreports/view/Extent.ftl"
2020-05-24 11:32:07,842 DEBUG [main] cache:45 - Couldn't find template in cache for "Extent.ftl"("en_IN", UTF-8, parsed); will try to load it.
2020-05-24 11:32:07,843 DEBUG [main] cache:45 - TemplateLoader.findTemplateSource("Extent_en_IN.ftl"): Not found
2020-05-24 11:32:07,845 DEBUG [main] cache:45 - TemplateLoader.findTemplateSource("Extent_en.ftl"): Not found
2020-05-24 11:32:07,846 DEBUG [main] cache:45 - TemplateLoader.findTemplateSource("Extent.ftl"): Found
2020-05-24 11:32:07,847 DEBUG [main] cache:45 - Loading template for "Extent.ftl"("en_IN", UTF-8, parsed) from "jar:file:/C:/Users/Admin/.m2/repository/com/relevantcodes/extentreports/2.41.2/extentreports-2.41.2.jar!/com/relevantcodes/extentreports/view/Extent.ftl"
