2020-03-22 20:29:15,203  INFO [main] WebEventListener:29 - Application Launched Successfully
2020-03-22 20:29:15,312  INFO [main] LoginPage:40 - Login Page Title Verified
2020-03-22 20:29:15,971  INFO [main] LoginPage:136 - Browser Terminated
2020-03-22 20:29:15,973  INFO [main] LoginPage:137 - -----------------------------------------------
2020-03-22 20:29:26,597  INFO [main] WebEventListener:35 - Application Launched Successfully
2020-03-22 20:29:33,386  INFO [main] HomePage:50 - Home Page Title Verified
2020-03-22 20:29:33,995  INFO [main] HomePage:136 - Browser Terminated
2020-03-22 20:29:33,997  INFO [main] HomePage:137 - -----------------------------------------------
2020-03-22 20:29:43,725  INFO [main] TestUtility:40 - Application Launched Successfully
2020-03-22 20:29:53,235  INFO [main] ContactsPage:55 - Verified Contacts Page Label
2020-03-22 20:29:53,867  INFO [main] ContactsPage:136 - Browser Terminated
2020-03-22 20:29:53,868  INFO [main] ContactsPage:137 - -----------------------------------------------
2020-03-22 20:30:08,912  INFO [main] WebEventListener:29 - Application Launched Successfully
2020-03-22 20:30:08,982  INFO [main] LoginPage:49 - CRM Logo Verified
2020-03-22 20:30:09,591  INFO [main] LoginPage:136 - Browser Terminated
2020-03-22 20:30:09,592  INFO [main] LoginPage:137 - -----------------------------------------------
2020-03-22 20:30:21,606  INFO [main] WebEventListener:35 - Application Launched Successfully
2020-03-22 20:30:32,442  INFO [main] HomePage:59 - UserName Verified
2020-03-22 20:30:33,049  INFO [main] HomePage:136 - Browser Terminated
2020-03-22 20:30:33,050  INFO [main] HomePage:137 - -----------------------------------------------
2020-03-22 20:30:46,650  INFO [main] TestUtility:40 - Application Launched Successfully
2020-03-22 20:30:56,041  INFO [main] ContactsPage:65 - Verified Single Contacts
2020-03-22 20:30:56,635  INFO [main] ContactsPage:136 - Browser Terminated
2020-03-22 20:30:56,637  INFO [main] ContactsPage:137 - -----------------------------------------------
2020-03-22 20:31:06,416  INFO [main] WebEventListener:29 - Application Launched Successfully
2020-03-22 20:31:15,341  INFO [main] HomePage:57 - Successfully Logged into CRM Application
2020-03-22 20:31:15,951  INFO [main] HomePage:136 - Browser Terminated
2020-03-22 20:31:15,953  INFO [main] HomePage:137 - -----------------------------------------------
2020-03-22 20:31:35,027  INFO [main] WebEventListener:35 - Application Launched Successfully
2020-03-22 20:31:46,006  INFO [main] ContactsPage:68 - Switched into Frame and Clicked on Contacts Link
2020-03-22 20:31:46,615  INFO [main] ContactsPage:136 - Browser Terminated
2020-03-22 20:31:46,616  INFO [main] ContactsPage:137 - -----------------------------------------------
2020-03-22 20:31:57,322  INFO [main] TestUtility:40 - Application Launched Successfully
2020-03-22 20:32:06,151  INFO [main] ContactsPage:76 - Verified Multiple Contacts
2020-03-22 20:32:06,755  INFO [main] ContactsPage:136 - Browser Terminated
2020-03-22 20:32:06,756  INFO [main] ContactsPage:137 - -----------------------------------------------
2020-03-22 20:32:23,643  INFO [main] WebEventListener:35 - Application Launched Successfully
2020-03-22 20:32:31,890  INFO [main] DealsPage:77 - Switched into Frame and Clicked on Deals Link
2020-03-22 20:32:32,509  INFO [main] DealsPage:136 - Browser Terminated
2020-03-22 20:32:32,510  INFO [main] DealsPage:137 - -----------------------------------------------
2020-03-22 20:32:45,955  INFO [main] TestUtility:40 - Application Launched Successfully
2020-03-22 20:32:58,723  INFO [main] HomePage:94 - New Contacts Created Successfully
2020-03-22 20:32:59,332  INFO [main] HomePage:136 - Browser Terminated
2020-03-22 20:32:59,333  INFO [main] HomePage:137 - -----------------------------------------------
2020-03-22 20:33:10,331  INFO [main] TestUtility:40 - Application Launched Successfully
2020-03-22 20:33:22,462  INFO [main] HomePage:94 - New Contacts Created Successfully
2020-03-22 20:33:23,102  INFO [main] HomePage:136 - Browser Terminated
2020-03-22 20:33:23,103  INFO [main] HomePage:137 - -----------------------------------------------
2020-03-22 20:33:33,246  INFO [main] TestUtility:40 - Application Launched Successfully
2020-03-22 20:33:44,431  INFO [main] HomePage:94 - New Contacts Created Successfully
2020-03-22 20:33:45,055  INFO [main] HomePage:136 - Browser Terminated
2020-03-22 20:33:45,056  INFO [main] HomePage:137 - -----------------------------------------------
2020-03-22 20:33:45,105 DEBUG [main] cache:45 - Couldn't find template in cache for "Extent.ftl"("en_IN", UTF-8, parsed); will try to load it.
2020-03-22 20:33:45,107 DEBUG [main] cache:45 - TemplateLoader.findTemplateSource("Extent_en_IN.ftl"): Not found
2020-03-22 20:33:45,109 DEBUG [main] cache:45 - TemplateLoader.findTemplateSource("Extent_en.ftl"): Not found
2020-03-22 20:33:45,111 DEBUG [main] cache:45 - TemplateLoader.findTemplateSource("Extent.ftl"): Found
2020-03-22 20:33:45,112 DEBUG [main] cache:45 - Loading template for "Extent.ftl"("en_IN", UTF-8, parsed) from "jar:file:/C:/Users/Admin/.m2/repository/com/relevantcodes/extentreports/2.41.2/extentreports-2.41.2.jar!/com/relevantcodes/extentreports/view/Extent.ftl"
2020-03-22 20:33:45,474 DEBUG [main] cache:45 - Couldn't find template in cache for "Extent.ftl"("en_IN", UTF-8, parsed); will try to load it.
2020-03-22 20:33:45,475 DEBUG [main] cache:45 - TemplateLoader.findTemplateSource("Extent_en_IN.ftl"): Not found
2020-03-22 20:33:45,476 DEBUG [main] cache:45 - TemplateLoader.findTemplateSource("Extent_en.ftl"): Not found
2020-03-22 20:33:45,477 DEBUG [main] cache:45 - TemplateLoader.findTemplateSource("Extent.ftl"): Found
2020-03-22 20:33:45,478 DEBUG [main] cache:45 - Loading template for "Extent.ftl"("en_IN", UTF-8, parsed) from "jar:file:/C:/Users/Admin/.m2/repository/com/relevantcodes/extentreports/2.41.2/extentreports-2.41.2.jar!/com/relevantcodes/extentreports/view/Extent.ftl"
