2020-04-08 15:44:51,103  INFO [main] WebEventListener:29 - Application Launched Successfully
2020-04-08 15:44:51,243  INFO [main] LoginPage:40 - Login Page Title Verified
2020-04-08 15:44:51,914  INFO [main] LoginPage:136 - Browser Terminated
2020-04-08 15:44:51,914  INFO [main] LoginPage:137 - -----------------------------------------------
2020-04-08 15:45:02,266  INFO [main] WebEventListener:35 - Application Launched Successfully
2020-04-08 15:45:09,920  INFO [main] HomePage:50 - Home Page Title Verified
2020-04-08 15:45:10,558  INFO [main] HomePage:136 - Browser Terminated
2020-04-08 15:45:10,558  INFO [main] HomePage:137 - -----------------------------------------------
2020-04-08 15:45:21,066  INFO [main] WebEventListener:29 - Application Launched Successfully
2020-04-08 15:45:21,132  INFO [main] LoginPage:49 - CRM Logo Verified
2020-04-08 15:45:21,751  INFO [main] LoginPage:136 - Browser Terminated
2020-04-08 15:45:21,751  INFO [main] LoginPage:137 - -----------------------------------------------
2020-04-08 15:45:31,490  INFO [main] WebEventListener:35 - Application Launched Successfully
2020-04-08 15:45:37,900  INFO [main] HomePage:59 - UserName Verified
2020-04-08 15:45:38,551  INFO [main] HomePage:136 - Browser Terminated
2020-04-08 15:45:38,551  INFO [main] HomePage:137 - -----------------------------------------------
2020-04-08 15:45:49,058  INFO [main] WebEventListener:29 - Application Launched Successfully
2020-04-08 15:45:55,747  INFO [main] HomePage:57 - Successfully Logged into CRM Application
2020-04-08 15:45:56,397  INFO [main] HomePage:136 - Browser Terminated
2020-04-08 15:45:56,397  INFO [main] HomePage:137 - -----------------------------------------------
2020-04-08 15:46:06,337  INFO [main] WebEventListener:35 - Application Launched Successfully
2020-04-08 15:46:14,291  INFO [main] ContactsPage:68 - Switched into Frame and Clicked on Contacts Link
2020-04-08 15:46:15,134  INFO [main] ContactsPage:136 - Browser Terminated
2020-04-08 15:46:15,134  INFO [main] ContactsPage:137 - -----------------------------------------------
2020-04-08 15:46:24,758  INFO [main] WebEventListener:35 - Application Launched Successfully
2020-04-08 15:46:32,439  INFO [main] DealsPage:77 - Switched into Frame and Clicked on Deals Link
2020-04-08 15:46:33,071  INFO [main] DealsPage:136 - Browser Terminated
2020-04-08 15:46:33,071  INFO [main] DealsPage:137 - -----------------------------------------------
2020-04-08 15:46:33,165 DEBUG [main] cache:45 - Couldn't find template in cache for "Extent.ftl"("en_IN", UTF-8, parsed); will try to load it.
2020-04-08 15:46:33,165 DEBUG [main] cache:45 - TemplateLoader.findTemplateSource("Extent_en_IN.ftl"): Not found
2020-04-08 15:46:33,165 DEBUG [main] cache:45 - TemplateLoader.findTemplateSource("Extent_en.ftl"): Not found
2020-04-08 15:46:33,180 DEBUG [main] cache:45 - TemplateLoader.findTemplateSource("Extent.ftl"): Found
2020-04-08 15:46:33,180 DEBUG [main] cache:45 - Loading template for "Extent.ftl"("en_IN", UTF-8, parsed) from "jar:file:/C:/Users/Admin/.m2/repository/com/relevantcodes/extentreports/2.41.2/extentreports-2.41.2.jar!/com/relevantcodes/extentreports/view/Extent.ftl"
2020-04-08 15:46:33,586 DEBUG [main] cache:45 - Couldn't find template in cache for "Extent.ftl"("en_IN", UTF-8, parsed); will try to load it.
2020-04-08 15:46:33,586 DEBUG [main] cache:45 - TemplateLoader.findTemplateSource("Extent_en_IN.ftl"): Not found
2020-04-08 15:46:33,586 DEBUG [main] cache:45 - TemplateLoader.findTemplateSource("Extent_en.ftl"): Not found
2020-04-08 15:46:33,586 DEBUG [main] cache:45 - TemplateLoader.findTemplateSource("Extent.ftl"): Found
2020-04-08 15:46:33,586 DEBUG [main] cache:45 - Loading template for "Extent.ftl"("en_IN", UTF-8, parsed) from "jar:file:/C:/Users/Admin/.m2/repository/com/relevantcodes/extentreports/2.41.2/extentreports-2.41.2.jar!/com/relevantcodes/extentreports/view/Extent.ftl"
